[2026-04-01 21:08:02] [SISTEMA] [INICIO] Sistema arrancado
[2026-04-01 21:08:26] [SISTEMA] [INICIO] Sistema arrancado
[2026-04-01 21:08:34] [SISTEMA] [INICIO] Sistema arrancado
[2026-04-01 21:12:32] [SISTEMA] [INICIO] Sistema arrancado
[2026-04-01 21:13:46] [SISTEMA] [INICIO] Sistema arrancado
[2026-04-01 21:13:55] [SISTEMA] [INICIO] Sistema arrancado
[2026-04-01 21:24:12] [SISTEMA] [INICIO] Sistema arrancado
[2026-04-01 21:27:31] [SISTEMA] [INICIO] Sistema arrancado
[2026-04-01 21:28:31] [SISTEMA] [INICIO] Sistema arrancado
[2026-04-02 12:11:33] [SISTEMA] [INICIO] Sistema arrancado
[2026-04-02 12:35:41] [SISTEMA] [INICIO] Sistema arrancado
[2026-04-02 12:41:26] [SISTEMA] [INICIO] Sistema arrancado
[2026-04-02 12:42:06] [SISTEMA] [INICIO] Sistema arrancado
[2026-04-02 13:15:29] [SISTEMA] [INICIO] Sistema arrancado
[2026-04-02 13:29:56] [SISTEMA] [INICIO] Sistema arrancado
[2026-04-02 13:41:11] [SISTEMA] [INICIO] Sistema arrancado
[2026-04-02 13:42:36] [pedro@trenfe.com] [LOGIN_FAIL] Demasiados intentos fallidos
[2026-04-02 13:45:36] [SISTEMA] [INICIO] Sistema arrancado
[2026-04-02 13:52:49] [SISTEMA] [INICIO] Sistema arrancado
[2026-04-02 13:53:10] [admin@trenfe.com] [LOGIN] Inicio de sesion correcto
[2026-04-02 14:34:41] [SISTEMA] [INICIO] Sistema arrancado
[2026-04-02 14:35:32] [admin@trenfe.com] [LOGIN] Inicio de sesion correcto
[2026-04-02 14:37:56] [pedrosanchez@trenfe.com] [INSERT] Usuario creado correctamente
[2026-04-02 14:38:26] [admin@trenfe.com] [LOGOUT] Sesion cerrada
[2026-04-02 14:38:32] [SISTEMA] [FIN] Sistema detenido
[2026-04-02 15:11:51] [SISTEMA] [INICIO] Sistema arrancado
[2026-04-02 15:11:56] [SISTEMA] [FIN] Sistema detenido
[2026-04-02 15:15:43] [SISTEMA] [INICIO] Sistema arrancado
[2026-04-02 15:16:13] [admin@trenfe.com] [LOGIN] Inicio de sesion correcto
[2026-04-02 15:16:17] [admin@trenfe.com] [LOGOUT] Sesion cerrada
[2026-04-02 15:16:20] [SISTEMA] [FIN] Sistema detenido
[2026-04-02 15:16:47] [SISTEMA] [INICIO] Sistema arrancado
[2026-04-02 15:16:55] [SISTEMA] [FIN] Sistema detenido
[2026-04-02 17:09:56] [SISTEMA] [INICIO] Sistema arrancado
[2026-04-02 17:11:53] [admin@trenfe.com] [LOGIN] Inicio de sesion correcto
[2026-04-02 17:14:58] [SISTEMA] [INICIO] Sistema arrancado
[2026-04-02 17:15:11] [5] [LOGIN_FAIL] Demasiados intentos fallidos
[2026-04-02 17:02:33] [SISTEMA] [INICIO] Sistema arrancado
[2026-04-02 17:03:12] [maria@trenfe.com] [LOGIN] Inicio de sesion correcto
[2026-04-02 17:04:11] [maria@trenfe.com] [LOGOUT] Sesion cerrada
[2026-04-02 17:05:19] [juan@trenfe.com] [LOGIN] Inicio de sesion correcto
[2026-04-02 17:05:23] [juan@trenfe.com] [LOGOUT] Sesion cerrada
[2026-04-02 17:05:49] [pedro@trenfe.com] [LOGIN] Inicio de sesion correcto
[2026-04-02 17:42:50] [SISTEMA] [INICIO] Sistema arrancado
[2026-04-02 17:44:21] [markel.trigo2006@gmail.com] [INSERT] Usuario creado correctamente
[2026-04-02 17:44:46] [markel.trigo2006@gmail.com] [LOGIN] Inicio de sesion correcto
[2026-04-02 17:45:25] [SISTEMA] [INICIO] Sistema arrancado
[2026-04-02 17:45:41] [markel.trigo2006@gmail.com] [LOGIN] Inicio de sesion correcto
[2026-04-02 17:48:57] [SISTEMA] [INICIO] Sistema arrancado
[2026-04-02 17:49:22] [admin@trenfe.com] [LOGIN] Inicio de sesion correcto
[2026-04-02 18:13:11] [SISTEMA] [INICIO] Sistema arrancado
[2026-04-02 18:13:29] [markel.trigo2006@gmail.com] [LOGIN] Inicio de sesion correcto
[2026-04-02 18:14:29] [SISTEMA] [INICIO] Sistema arrancado
[2026-04-02 18:14:44] [markel.trigo2006@gmail.com] [LOGIN] Inicio de sesion correcto
[2026-04-02 18:16:24] [SISTEMA] [INICIO] Sistema arrancado
[2026-04-02 18:16:41] [markel.trigo2006@gmail.com] [LOGIN] Inicio de sesion correcto
[2026-04-02 18:20:29] [SISTEMA] [INICIO] Sistema arrancado
[2026-04-02 18:20:41] [markel.trigo2006@gmail.com] [LOGIN] Inicio de sesion correcto
[2026-04-02 18:25:05] [SISTEMA] [INICIO] Sistema arrancado
[2026-04-02 18:43:20] [SISTEMA] [INICIO] Sistema arrancado
[2026-04-02 18:44:24] [SISTEMA] [INICIO] Sistema arrancado
[2026-04-02 18:44:42] [juan@trenfe.com] [LOGIN] Inicio de sesion correcto
[2026-04-02 19:20:46] [SISTEMA] [INICIO] Sistema arrancado
[2026-04-02 19:20:51] [SISTEMA] [FIN] Sistema detenido
[2026-04-02 20:27:16] [SISTEMA] [INICIO] Sistema arrancado
[2026-04-02 20:27:40] [pedrosanchez@trenfe.com] [LOGIN] Inicio de sesion correcto
[2026-04-02 23:43:06] [SISTEMA] [INICIO] Sistema arrancado
[2026-04-02 23:46:46] [SISTEMA] [INICIO] Sistema arrancado
[2026-04-02 23:52:20] [SISTEMA] [INICIO] Sistema arrancado
[2026-04-02 23:53:33] [e.aranoa@opendeusto.es] [INSERT] Usuario creado correctamente
[2026-04-02 23:53:59] [e.aranoa@opendeusto.es] [LOGIN] Inicio de sesion correcto
[2026-04-03 11:02:07] [SISTEMA] [INICIO] Sistema arrancado
[2026-04-03 11:02:32] [markel.trigo2006@gmail.com] [LOGIN] Inicio de sesion correcto
[2026-04-03 11:12:17] [SISTEMA] [INICIO] Sistema arrancado
[2026-04-03 11:15:11] [SISTEMA] [INICIO] Sistema arrancado
[2026-04-03 11:15:28] [admin@trenfe.com] [LOGIN] Inicio de sesion correcto
[2026-04-03 11:16:37] [aaa@gmail.com] [INSERT] Usuario creado correctamente
[2026-04-03 11:16:44] [admin@trenfe.com] [LOGOUT] Sesion cerrada
[2026-04-03 11:16:48] [SISTEMA] [FIN] Sistema detenido
[2026-04-03 11:25:08] [SISTEMA] [INICIO] Sistema arrancado
[2026-04-03 11:26:04] [markel.trigo2006@gmail.com] [INSERT] Usuario creado correctamente
[2026-04-03 11:27:39] [SISTEMA] [INICIO] Sistema arrancado
[2026-04-03 11:27:48] [SISTEMA] [INICIO] Sistema arrancado
[2026-04-03 11:30:05] [SISTEMA] [INICIO] Sistema arrancado
[2026-04-03 11:31:28] [SISTEMA] [INICIO] Sistema arrancado
[2026-04-03 11:36:15] [SISTEMA] [INICIO] Sistema arrancado
[2026-04-03 11:36:30] [admin@trenfe.com] [LOGIN] Inicio de sesion correcto
[2026-04-03 11:36:34] [admin@trenfe.com] [LOGOUT] Sesion cerrada
[2026-04-03 12:19:24] [SISTEMA] [INICIO] Sistema arrancado
[2026-04-03 12:19:37] [admin@trenfe.com] [LOGIN] Inicio de sesion correcto
[2026-04-03 13:56:36] [SISTEMA] [INICIO] Sistema arrancado
[2026-04-03 13:57:33] [juan@trenfe.com] [LOGIN] Inicio de sesion correcto
[2026-04-03 13:57:45] [juan@trenfe.com] [LOGOUT] Sesion cerrada
[2026-04-03 13:57:48] [SISTEMA] [FIN] Sistema detenido
<<<<<<< HEAD
[2026-04-03 14:40:32] [SISTEMA] [INICIO] Sistema arrancado
[2026-04-03 14:40:44] [SISTEMA] [FIN] Sistema detenido
=======
[2026-04-04 14:55:27] [SISTEMA] [INICIO] Sistema arrancado
[2026-04-04 14:55:30] [SISTEMA] [FIN] Sistema detenido
>>>>>>> branch 'main' of git@github.com:UndabeitiaJon/Grupo12_ProgramIV.git
[2026-04-04 19:11:44] [SISTEMA] [INICIO] Sistema arrancado
[2026-04-04 19:12:18] [juan@trenfe.com] [LOGIN] Inicio de sesion correcto
[2026-04-04 19:12:40] [juan@trenfe.com] [LOGOUT] Sesion cerrada
[2026-04-04 19:13:08] [admin@trenfe.com] [LOGIN] Inicio de sesion correcto
[2026-04-04 19:14:10] [pablo@trenfe.com] [INSERT] Usuario creado correctamente
[2026-04-04 19:14:19] [admin@trenfe.com] [LOGOUT] Sesion cerrada
[2026-04-04 19:14:22] [SISTEMA] [FIN] Sistema detenido
